* installing *source* package ‘CNVWorkshop’ ...
** using staged installation
** inst
** help
No man pages found in package  ‘CNVWorkshop’ 
*** installing help indices
** building package indices
** installing vignettes
** testing if installed package can be loaded from temporary location
Warning: package ‘GenomeInfoDb’ was built under R version 4.0.2
Warning: package ‘PureCN’ was built under R version 4.0.2
Warning: package ‘VariantAnnotation’ was built under R version 4.0.2
Warning: package ‘DelayedArray’ was built under R version 4.0.2
Warning: package ‘Rsamtools’ was built under R version 4.0.2
Warning: package ‘XVector’ was built under R version 4.0.2
** testing if installed package can be loaded from final location
Warning: package ‘GenomeInfoDb’ was built under R version 4.0.2
Warning: package ‘PureCN’ was built under R version 4.0.2
Warning: package ‘VariantAnnotation’ was built under R version 4.0.2
Warning: package ‘DelayedArray’ was built under R version 4.0.2
Warning: package ‘Rsamtools’ was built under R version 4.0.2
Warning: package ‘XVector’ was built under R version 4.0.2
** testing if installed package keeps a record of temporary installation path
* DONE (CNVWorkshop)
